Loading R/4.2.1gnu9.2.0
  Loading requirement: proj/9.2.0
[Previously saved workspace restored]

Loading required package: maps

Attaching package: ‘phytools’

The following object is masked from ‘package:geiger’:

    rescale

Loading required package: nloptr
Loading required package: GenSA
Found more than one class "atomicVector" in cache; using the first, from namespace 'Matrix'
Also defined by ‘Rmpfr’
Found more than one class "atomicVector" in cache; using the first, from namespace 'Matrix'
Also defined by ‘Rmpfr’
Found more than one class "atomicVector" in cache; using the first, from namespace 'Matrix'
Also defined by ‘Rmpfr’
Found more than one class "atomicVector" in cache; using the first, from namespace 'Matrix'
Also defined by ‘Rmpfr’
Found more than one class "atomicVector" in cache; using the first, from namespace 'Matrix'
Also defined by ‘Rmpfr’
Found more than one class "atomicVector" in cache; using the first, from namespace 'Matrix'
Also defined by ‘Rmpfr’
Found more than one class "atomicVector" in cache; using the first, from namespace 'Matrix'
Also defined by ‘Rmpfr’
Found more than one class "atomicVector" in cache; using the first, from namespace 'Matrix'
Also defined by ‘Rmpfr’
Found more than one class "atomicVector" in cache; using the first, from namespace 'Matrix'
Also defined by ‘Rmpfr’
Found more than one class "atomicVector" in cache; using the first, from namespace 'Matrix'
Also defined by ‘Rmpfr’
Found more than one class "atomicVector" in cache; using the first, from namespace 'Matrix'
Also defined by ‘Rmpfr’
Found more than one class "atomicVector" in cache; using the first, from namespace 'Matrix'
Also defined by ‘Rmpfr’
── Attaching packages ─────────────────────────────────────── tidyverse 1.3.2 ──
✔ ggplot2 3.4.1     ✔ purrr   1.0.1
✔ tibble  3.2.1     ✔ dplyr   1.1.0
✔ tidyr   1.3.0     ✔ stringr 1.5.0
✔ readr   2.1.4     ✔ forcats 1.0.0
── Conflicts ────────────────────────────────────────── tidyverse_conflicts() ──
✖ dplyr::filter() masks stats::filter()
✖ dplyr::lag()    masks stats::lag()
✖ purrr::map()    masks maps::map()
✖ dplyr::where()  masks ape::where()
Joining with `by = join_by(X1, X2)`
Joining with `by = join_by(X1, X2)`
Joining with `by = join_by(X1, X2)`
Joining with `by = join_by(X1, X2)`
Joining with `by = join_by(X1, X2)`
slurmstepd: error: *** JOB 2535477 ON c039 CANCELLED AT 2024-08-31T04:26:49 DUE TO TIME LIMIT ***
[Previously saved workspace restored]

